<?xml version="1.0" encoding="UTF-8"?>
<!-- Generated by org.testng.reporters.JUnitReportReporter -->
<testsuite hostname="DESKTOP-UCB94NT" failures="0" tests="4" name="testngIntro.t1" time="0.017" errors="0" timestamp="2022-08-24T19:53:42 IST" skipped="0">
  <testcase classname="testngIntro.t1" name="abc" time="0.014"/>
  <system-out/>
  <testcase classname="testngIntro.t1" name="m1" time="0.001"/>
  <system-out/>
  <testcase classname="testngIntro.t1" name="nmb" time="0.001"/>
  <system-out/>
  <testcase classname="testngIntro.t1" name="uyt" time="0.001"/>
  <system-out/>
</testsuite> <!-- testngIntro.t1 -->
